<?xml version="1.0" encoding="UTF-8"?>
<!-- Generated by org.testng.reporters.JUnitReportReporter -->
<testsuite hostname="VishalGupta" failures="0" tests="1" name="fullyautomatedwebsite.SignupTest" time="48.410" errors="0" timestamp="2025-03-23T23:27:48 IST" skipped="0">
  <testcase classname="fullyautomatedwebsite.SignupTest" name="testSignupProcess" time="48.410"/>
</testsuite> <!-- fullyautomatedwebsite.SignupTest -->
